<?xml version="1.0" encoding="UTF-8"?>
<!-- Generated by org.testng.reporters.JUnitReportReporter -->
<testsuite hostname="DESKTOP-AR0DV53" failures="0" tests="3" name="test.FcbookLoginTest" time="46.713" errors="0" timestamp="2022-10-28T14:53:20 IST" skipped="0">
  <testcase classname="test.FcbookLoginTest" name="add" time="10.320"/>
  <system-out/>
  <testcase classname="test.FcbookLoginTest" name="loginTest" time="20.943"/>
  <system-out/>
  <testcase classname="test.FcbookLoginTest" name="loginForgotPassTest" time="15.450"/>
  <system-out/>
</testsuite> <!-- test.FcbookLoginTest -->
